0 info it worked if it ends with ok
1 verbose cli [ '/Users/kevin/.nvm/v4.1.1/bin/node',
1 verbose cli   '/Users/kevin/.nvm/v4.1.1/bin/npm',
1 verbose cli   'shrinkwrap' ]
2 info using npm@3.5.1
3 info using node@v4.1.1
4 verbose stack Error: Problems were encountered
4 verbose stack Please correct and try again.
4 verbose stack invalid: have tern@0.5.1 (expected: git://github.com/sqs/tern.git#sourcegraph) /Users/kevin/go/src/sourcegraph.com/sourcegraph/srclib/sourcegraph.com/sourcegraph/srclib-javascript/node_modules/jsg/node_modules/tern
4 verbose stack extraneous: mocha@1.10.0 /Users/kevin/go/src/sourcegraph.com/sourcegraph/srclib/sourcegraph.com/sourcegraph/srclib-javascript/node_modules/jsg/node_modules/mocha
4 verbose stack extraneous: should@2.1.1 /Users/kevin/go/src/sourcegraph.com/sourcegraph/srclib/sourcegraph.com/sourcegraph/srclib-javascript/node_modules/jsg/node_modules/should
4 verbose stack extraneous: tern@0.5.1 /Users/kevin/go/src/sourcegraph.com/sourcegraph/srclib/sourcegraph.com/sourcegraph/srclib-javascript/node_modules/jsg/node_modules/tern
4 verbose stack missing: tern@git://github.com/sqs/tern.git#jquery, required by tern-jquery-api-doc@0.0.2
4 verbose stack invalid: have readable-stream@1.0.27-1 (expected: 1.0) /Users/kevin/go/src/sourcegraph.com/sourcegraph/srclib/sourcegraph.com/sourcegraph/srclib-javascript/node_modules/npm/node_modules/sha/node_modules/readable-stream
4 verbose stack extraneous: readable-stream@1.0.27-1 /Users/kevin/go/src/sourcegraph.com/sourcegraph/srclib/sourcegraph.com/sourcegraph/srclib-javascript/node_modules/npm/node_modules/sha/node_modules/readable-stream
4 verbose stack invalid: have string_decoder@0.10.25-1 (expected: ~0.10.x) /Users/kevin/go/src/sourcegraph.com/sourcegraph/srclib/sourcegraph.com/sourcegraph/srclib-javascript/node_modules/npm/node_modules/sha/node_modules/readable-stream/node_modules/string_decoder
4 verbose stack extraneous: string_decoder@0.10.25-1 /Users/kevin/go/src/sourcegraph.com/sourcegraph/srclib/sourcegraph.com/sourcegraph/srclib-javascript/node_modules/npm/node_modules/sha/node_modules/readable-stream/node_modules/string_decoder
4 verbose stack     at shrinkwrap_ (/Users/kevin/.nvm/v4.1.1/lib/node_modules/npm/lib/shrinkwrap.js:101:15)
4 verbose stack     at /Users/kevin/.nvm/v4.1.1/lib/node_modules/npm/lib/shrinkwrap.js:36:5
4 verbose stack     at /Users/kevin/.nvm/v4.1.1/lib/node_modules/npm/node_modules/iferr/index.js:13:50
4 verbose stack     at /Users/kevin/.nvm/v4.1.1/lib/node_modules/npm/lib/install/deps.js:121:5
4 verbose stack     at LOOP (/Users/kevin/.nvm/v4.1.1/lib/node_modules/npm/node_modules/slide/lib/chain.js:7:26)
4 verbose stack     at /Users/kevin/.nvm/v4.1.1/lib/node_modules/npm/node_modules/slide/lib/chain.js:18:7
4 verbose stack     at cb (/Users/kevin/.nvm/v4.1.1/lib/node_modules/npm/node_modules/slide/lib/async-map.js:47:24)
4 verbose stack     at /Users/kevin/.nvm/v4.1.1/lib/node_modules/npm/lib/install/deps.js:121:5
4 verbose stack     at LOOP (/Users/kevin/.nvm/v4.1.1/lib/node_modules/npm/node_modules/slide/lib/chain.js:7:26)
4 verbose stack     at /Users/kevin/.nvm/v4.1.1/lib/node_modules/npm/node_modules/slide/lib/chain.js:18:7
5 verbose cwd /Users/kevin/go/src/sourcegraph.com/sourcegraph/srclib/sourcegraph.com/sourcegraph/srclib-javascript
6 error Darwin 15.0.0
7 error argv "/Users/kevin/.nvm/v4.1.1/bin/node" "/Users/kevin/.nvm/v4.1.1/bin/npm" "shrinkwrap"
8 error node v4.1.1
9 error npm  v3.5.1
10 error Problems were encountered
10 error Please correct and try again.
10 error invalid: have tern@0.5.1 (expected: git://github.com/sqs/tern.git#sourcegraph) /Users/kevin/go/src/sourcegraph.com/sourcegraph/srclib/sourcegraph.com/sourcegraph/srclib-javascript/node_modules/jsg/node_modules/tern
10 error extraneous: mocha@1.10.0 /Users/kevin/go/src/sourcegraph.com/sourcegraph/srclib/sourcegraph.com/sourcegraph/srclib-javascript/node_modules/jsg/node_modules/mocha
10 error extraneous: should@2.1.1 /Users/kevin/go/src/sourcegraph.com/sourcegraph/srclib/sourcegraph.com/sourcegraph/srclib-javascript/node_modules/jsg/node_modules/should
10 error extraneous: tern@0.5.1 /Users/kevin/go/src/sourcegraph.com/sourcegraph/srclib/sourcegraph.com/sourcegraph/srclib-javascript/node_modules/jsg/node_modules/tern
10 error missing: tern@git://github.com/sqs/tern.git#jquery, required by tern-jquery-api-doc@0.0.2
10 error invalid: have readable-stream@1.0.27-1 (expected: 1.0) /Users/kevin/go/src/sourcegraph.com/sourcegraph/srclib/sourcegraph.com/sourcegraph/srclib-javascript/node_modules/npm/node_modules/sha/node_modules/readable-stream
10 error extraneous: readable-stream@1.0.27-1 /Users/kevin/go/src/sourcegraph.com/sourcegraph/srclib/sourcegraph.com/sourcegraph/srclib-javascript/node_modules/npm/node_modules/sha/node_modules/readable-stream
10 error invalid: have string_decoder@0.10.25-1 (expected: ~0.10.x) /Users/kevin/go/src/sourcegraph.com/sourcegraph/srclib/sourcegraph.com/sourcegraph/srclib-javascript/node_modules/npm/node_modules/sha/node_modules/readable-stream/node_modules/string_decoder
10 error extraneous: string_decoder@0.10.25-1 /Users/kevin/go/src/sourcegraph.com/sourcegraph/srclib/sourcegraph.com/sourcegraph/srclib-javascript/node_modules/npm/node_modules/sha/node_modules/readable-stream/node_modules/string_decoder
11 error If you need help, you may report this error at:
11 error     <https://github.com/npm/npm/issues>
12 verbose exit [ 1, true ]
